mode: set
auction/main.go:22.29,28.51 3 0
auction/main.go:28.51,30.3 1 0
auction/main.go:33.2,34.16 2 0
auction/main.go:34.16,36.3 1 0
auction/main.go:39.2,39.40 1 0
auction/main.go:39.40,41.3 1 0
auction/main.go:44.2,61.8 4 0
auction/main.go:64.34,74.2 5 0
auction/main.go:74.2,94.3 14 0
auction/main.go:96.2,96.12 1 0
auction/main.go:99.27,101.2 1 0
auction/main.go:103.29,105.2 1 0
auction/main.go:107.13,109.16 2 0
auction/main.go:109.16,111.3 1 0
auction/main.go:112.2,114.41 2 0
auction/main.go:114.41,116.3 1 0
auction/main.go:118.2,118.34 1 0
auction/main.go:118.34,120.3 1 0
auction/api/handlers/auction_handlers.go:24.84,29.2 1 1
auction/api/handlers/auction_handlers.go:53.57,55.47 2 1
auction/api/handlers/auction_handlers.go:55.47,59.3 3 1
auction/api/handlers/auction_handlers.go:61.2,83.52 4 1
auction/api/handlers/auction_handlers.go:83.52,87.3 3 0
auction/api/handlers/auction_handlers.go:89.2,108.4 3 1
auction/api/handlers/auction_handlers.go:112.58,114.16 2 1
auction/api/handlers/auction_handlers.go:114.16,118.3 3 0
auction/api/handlers/auction_handlers.go:121.2,122.35 2 1
auction/api/handlers/auction_handlers.go:122.35,135.3 1 1
auction/api/handlers/auction_handlers.go:137.2,138.48 2 1
auction/api/handlers/auction_handlers.go:142.54,144.21 2 1
auction/api/handlers/auction_handlers.go:144.21,148.3 3 0
auction/api/handlers/auction_handlers.go:150.2,153.16 3 1
auction/api/handlers/auction_handlers.go:153.16,157.3 3 1
auction/api/handlers/auction_handlers.go:159.2,173.48 3 1
auction/api/handlers/auction_handlers.go:177.61,179.21 2 1
auction/api/handlers/auction_handlers.go:179.21,183.3 3 0
auction/api/handlers/auction_handlers.go:185.2,189.16 3 1
auction/api/handlers/auction_handlers.go:189.16,193.3 3 1
auction/api/handlers/auction_handlers.go:195.2,196.50 2 1
auction/api/handlers/auction_handlers.go:200.56,202.21 2 1
auction/api/handlers/auction_handlers.go:202.21,206.3 3 0
auction/api/handlers/auction_handlers.go:208.2,212.16 3 1
auction/api/handlers/auction_handlers.go:212.16,216.3 3 1
auction/api/handlers/auction_handlers.go:219.2,219.48 1 1
auction/api/handlers/auction_handlers.go:219.48,223.3 3 1
auction/api/handlers/auction_handlers.go:226.2,230.63 3 1
auction/api/handlers/auction_handlers.go:230.63,234.3 3 0
auction/api/handlers/auction_handlers.go:236.2,237.73 2 1
auction/api/handlers/auction_handlers.go:241.54,243.21 2 1
auction/api/handlers/auction_handlers.go:243.21,247.3 3 0
auction/api/handlers/auction_handlers.go:249.2,253.16 3 1
auction/api/handlers/auction_handlers.go:253.16,257.3 3 1
auction/api/handlers/auction_handlers.go:260.2,260.48 1 1
auction/api/handlers/auction_handlers.go:260.48,264.3 3 1
auction/api/handlers/auction_handlers.go:267.2,270.63 2 1
auction/api/handlers/auction_handlers.go:270.63,274.3 3 0
auction/api/handlers/auction_handlers.go:276.2,277.71 2 1
auction/api/handlers/auction_handlers.go:287.52,289.21 2 0
auction/api/handlers/auction_handlers.go:289.21,293.3 3 0
auction/api/handlers/auction_handlers.go:296.2,297.47 2 0
auction/api/handlers/auction_handlers.go:297.47,301.3 3 0
auction/api/handlers/auction_handlers.go:303.2,308.16 3 0
auction/api/handlers/auction_handlers.go:308.16,312.3 3 0
auction/api/handlers/auction_handlers.go:315.2,315.48 1 0
auction/api/handlers/auction_handlers.go:315.48,319.3 3 0
auction/api/handlers/auction_handlers.go:322.2,324.41 3 0
auction/api/handlers/auction_handlers.go:324.41,325.32 1 0
auction/api/handlers/auction_handlers.go:325.32,328.9 3 0
auction/api/handlers/auction_handlers.go:332.2,332.19 1 0
auction/api/handlers/auction_handlers.go:332.19,336.3 3 0
auction/api/handlers/auction_handlers.go:339.2,340.23 2 0
auction/api/handlers/auction_handlers.go:340.23,342.3 1 0
auction/api/handlers/auction_handlers.go:342.8,344.3 1 0
auction/api/handlers/auction_handlers.go:346.2,346.31 1 0
auction/api/handlers/auction_handlers.go:346.31,352.3 3 0
auction/api/handlers/auction_handlers.go:355.2,371.63 5 0
auction/api/handlers/auction_handlers.go:371.63,375.3 3 0
auction/api/handlers/auction_handlers.go:377.2,381.4 2 0
auction/api/handlers/auction_handlers.go:385.58,387.21 2 0
auction/api/handlers/auction_handlers.go:387.21,391.3 3 0
auction/api/handlers/auction_handlers.go:393.2,397.16 3 0
auction/api/handlers/auction_handlers.go:397.16,401.3 3 0
auction/api/handlers/auction_handlers.go:404.2,405.41 2 0
auction/api/handlers/auction_handlers.go:405.41,407.60 2 0
auction/api/handlers/auction_handlers.go:407.60,409.4 1 0
auction/api/handlers/auction_handlers.go:413.2,414.33 2 0
auction/api/handlers/auction_handlers.go:414.33,416.3 1 0
auction/api/handlers/auction_handlers.go:418.2,424.4 2 0
auction/api/handlers/auction_handlers.go:428.61,430.21 2 0
auction/api/handlers/auction_handlers.go:430.21,434.3 3 0
auction/api/handlers/auction_handlers.go:436.2,440.16 3 0
auction/api/handlers/auction_handlers.go:440.16,444.3 3 0
auction/api/handlers/auction_handlers.go:447.2,454.4 3 0
auction/api/handlers/bidder_handlers.go:23.118,29.2 1 1
auction/api/handlers/bidder_handlers.go:32.53,37.16 3 1
auction/api/handlers/bidder_handlers.go:37.16,41.3 3 0
auction/api/handlers/bidder_handlers.go:44.2,44.23 1 1
auction/api/handlers/bidder_handlers.go:44.23,46.3 1 1
auction/api/handlers/bidder_handlers.go:46.8,48.3 1 1
auction/api/handlers/bidder_handlers.go:50.2,53.4 1 1
auction/api/handlers/bidder_handlers.go:57.52,64.51 2 1
auction/api/handlers/bidder_handlers.go:64.51,68.3 3 1
auction/api/handlers/bidder_handlers.go:70.2,71.16 2 1
auction/api/handlers/bidder_handlers.go:71.16,75.3 3 0
auction/api/handlers/bidder_handlers.go:78.2,78.49 1 1
auction/api/handlers/bidder_handlers.go:78.49,82.3 3 0
auction/api/handlers/bidder_handlers.go:85.2,85.22 1 1
auction/api/handlers/bidder_handlers.go:85.22,87.29 2 0
auction/api/handlers/bidder_handlers.go:87.29,88.49 1 0
auction/api/handlers/bidder_handlers.go:88.49,89.21 1 0
auction/api/handlers/bidder_handlers.go:89.21,91.6 1 0
auction/api/handlers/bidder_handlers.go:94.3,94.36 1 0
auction/api/handlers/bidder_handlers.go:97.2,103.49 2 1
auction/api/handlers/bidder_handlers.go:103.49,107.3 3 0
auction/api/handlers/bidder_handlers.go:109.2,109.40 1 1
auction/api/handlers/bidder_handlers.go:109.40,113.3 3 0
auction/api/handlers/bidder_handlers.go:115.2,118.4 1 1
auction/api/handlers/bidder_handlers.go:122.55,124.14 2 1
auction/api/handlers/bidder_handlers.go:124.14,128.3 3 0
auction/api/handlers/bidder_handlers.go:130.2,131.16 2 1
auction/api/handlers/bidder_handlers.go:131.16,135.3 3 0
auction/api/handlers/bidder_handlers.go:137.2,140.28 3 1
auction/api/handlers/bidder_handlers.go:140.28,141.17 1 1
auction/api/handlers/bidder_handlers.go:141.17,143.4 1 1
auction/api/handlers/bidder_handlers.go:143.9,145.4 1 1
auction/api/handlers/bidder_handlers.go:148.2,148.12 1 1
auction/api/handlers/bidder_handlers.go:148.12,152.3 3 1
auction/api/handlers/bidder_handlers.go:154.2,154.52 1 1
auction/api/handlers/bidder_handlers.go:154.52,158.3 3 0
auction/api/handlers/bidder_handlers.go:160.2,160.40 1 1
auction/api/handlers/bidder_handlers.go:160.40,164.3 3 0
auction/api/handlers/bidder_handlers.go:166.2,166.72 1 1
auction/api/handlers/bidder_handlers.go:170.58,177.59 4 1
auction/api/handlers/bidder_handlers.go:177.59,181.3 3 1
auction/api/handlers/bidder_handlers.go:184.2,185.16 2 0
auction/api/handlers/bidder_handlers.go:185.16,189.3 3 0
auction/api/handlers/bidder_handlers.go:190.2,196.16 4 0
auction/api/handlers/bidder_handlers.go:196.16,200.3 3 0
auction/api/handlers/bidder_handlers.go:202.2,202.23 1 0
auction/api/handlers/bidder_handlers.go:202.23,206.3 3 0
auction/api/handlers/bidder_handlers.go:208.2,216.4 3 0
auction/api/handlers/bidder_handlers.go:220.53,225.51 2 1
auction/api/handlers/bidder_handlers.go:225.51,229.3 3 1
auction/api/handlers/bidder_handlers.go:232.2,232.57 1 1
auction/api/handlers/bidder_handlers.go:232.57,236.3 3 0
auction/api/handlers/bidder_handlers.go:238.2,238.40 1 1
auction/api/handlers/bidder_handlers.go:238.40,242.3 3 0
auction/api/handlers/bidder_handlers.go:244.2,247.4 1 1
auction/api/middleware/middleware.go:12.60,13.30 1 1
auction/api/middleware/middleware.go:13.30,18.75 4 1
auction/api/middleware/middleware.go:18.75,19.22 1 1
auction/api/middleware/middleware.go:19.22,21.5 1 1
auction/api/middleware/middleware.go:22.4,22.13 1 1
auction/api/middleware/middleware.go:26.3,31.55 3 1
auction/api/middleware/middleware.go:36.61,37.30 1 1
auction/api/middleware/middleware.go:37.30,38.16 1 1
auction/api/middleware/middleware.go:38.16,39.36 1 1
auction/api/middleware/middleware.go:39.36,42.5 2 1
auction/api/middleware/middleware.go:44.3,44.11 1 1
auction/api/middleware/rate_limiter.go:13.83,22.30 4 1
auction/api/middleware/rate_limiter.go:22.30,25.17 3 1
auction/api/middleware/rate_limiter.go:25.17,31.4 3 0
auction/api/middleware/rate_limiter.go:33.3,33.25 1 1
auction/api/middleware/rate_limiter.go:33.25,39.4 3 1
auction/api/middleware/rate_limiter.go:41.3,41.11 1 1
auction/internal/services/excel_service.go:25.55,29.2 1 1
auction/internal/services/excel_service.go:32.82,35.16 2 1
auction/internal/services/excel_service.go:35.16,38.3 2 0
auction/internal/services/excel_service.go:41.2,42.16 2 1
auction/internal/services/excel_service.go:42.16,46.3 3 0
auction/internal/services/excel_service.go:49.2,55.16 4 1
auction/internal/services/excel_service.go:55.16,59.3 3 1
auction/internal/services/excel_service.go:60.2,66.26 4 1
auction/internal/services/excel_service.go:66.26,70.3 3 0
auction/internal/services/excel_service.go:72.2,76.34 3 1
auction/internal/services/excel_service.go:76.34,77.26 1 1
auction/internal/services/excel_service.go:77.26,79.9 2 1
auction/internal/services/excel_service.go:84.2,85.16 2 1
auction/internal/services/excel_service.go:85.16,89.3 3 0
auction/internal/services/excel_service.go:91.2,95.30 4 1
auction/internal/services/excel_service.go:95.30,97.3 1 1
auction/internal/services/excel_service.go:100.2,100.40 1 1
auction/internal/services/excel_service.go:100.40,102.68 2 1
auction/internal/services/excel_service.go:102.68,110.4 3 1
auction/internal/services/excel_service.go:114.2,117.23 3 1
auction/internal/services/excel_service.go:117.23,119.3 1 1
auction/internal/services/excel_service.go:121.2,122.21 2 1
auction/internal/database/tiny_db.go:27.69,29.51 1 1
auction/internal/database/tiny_db.go:29.51,31.3 1 0
auction/internal/database/tiny_db.go:33.2,42.8 1 1
auction/internal/database/tiny_db.go:46.32,49.2 1 1
auction/internal/database/tiny_db.go:52.35,57.2 3 1
auction/internal/database/tiny_db.go:60.41,63.16 2 1
auction/internal/database/tiny_db.go:63.16,65.3 1 0
auction/internal/database/tiny_db.go:68.2,69.59 2 1
auction/internal/database/tiny_db.go:69.59,71.3 1 0
auction/internal/database/tiny_db.go:74.2,74.56 1 1
auction/internal/database/tiny_db.go:74.56,76.3 1 0
auction/internal/database/tiny_db.go:78.2,78.12 1 1
auction/internal/database/tiny_db.go:82.35,84.55 1 1
auction/internal/database/tiny_db.go:84.55,88.3 2 0
auction/internal/database/tiny_db.go:91.2,92.16 2 1
auction/internal/database/tiny_db.go:92.16,94.3 1 0
auction/internal/database/tiny_db.go:97.2,97.19 1 1
auction/internal/database/tiny_db.go:97.19,99.17 2 1
auction/internal/database/tiny_db.go:99.17,101.4 1 0
auction/internal/database/tiny_db.go:105.2,105.35 1 1
auction/internal/database/tiny_db.go:105.35,107.3 1 0
auction/internal/database/tiny_db.go:109.2,110.12 2 1
auction/internal/database/tiny_db.go:114.37,119.55 3 1
auction/internal/database/tiny_db.go:119.55,121.44 1 1
auction/internal/database/tiny_db.go:121.44,123.4 1 0
auction/internal/database/tiny_db.go:124.3,125.13 2 1
auction/internal/database/tiny_db.go:129.2,129.37 1 1
auction/internal/database/tiny_db.go:129.37,131.3 1 0
auction/internal/database/tiny_db.go:133.2,133.12 1 1
auction/internal/database/tiny_db.go:137.56,142.20 3 1
auction/internal/database/tiny_db.go:142.20,143.38 1 0
auction/internal/database/tiny_db.go:143.38,145.4 1 0
auction/internal/database/tiny_db.go:149.2,149.40 1 1
auction/internal/database/tiny_db.go:149.40,150.86 1 1
auction/internal/database/tiny_db.go:150.86,152.4 1 1
auction/internal/database/tiny_db.go:156.2,156.31 1 1
auction/internal/database/tiny_db.go:160.60,165.20 3 1
auction/internal/database/tiny_db.go:165.20,166.38 1 0
auction/internal/database/tiny_db.go:166.38,168.4 1 0
auction/internal/database/tiny_db.go:172.2,172.40 1 1
auction/internal/database/tiny_db.go:172.40,173.86 1 1
auction/internal/database/tiny_db.go:173.86,176.4 2 1
auction/internal/database/tiny_db.go:177.3,177.49 1 0
auction/internal/database/tiny_db.go:180.2,180.45 1 1
auction/internal/database/tiny_db.go:184.71,189.20 3 1
auction/internal/database/tiny_db.go:189.20,190.38 1 0
auction/internal/database/tiny_db.go:190.38,192.4 1 0
auction/internal/database/tiny_db.go:195.2,195.36 1 1
auction/internal/database/tiny_db.go:199.65,204.20 3 1
auction/internal/database/tiny_db.go:204.20,205.38 1 0
auction/internal/database/tiny_db.go:205.38,207.4 1 0
auction/internal/database/tiny_db.go:211.2,212.13 2 1
auction/internal/database/tiny_db.go:212.13,214.3 1 1
auction/internal/database/tiny_db.go:216.2,216.21 1 1
auction/internal/database/tiny_db.go:220.63,221.20 1 1
auction/internal/database/tiny_db.go:221.20,223.3 1 1
auction/internal/database/tiny_db.go:225.2,229.20 3 1
auction/internal/database/tiny_db.go:229.20,230.38 1 0
auction/internal/database/tiny_db.go:230.38,232.4 1 0
auction/internal/database/tiny_db.go:236.2,236.61 1 1
auction/internal/database/tiny_db.go:236.61,238.3 1 1
auction/internal/database/tiny_db.go:241.2,244.27 2 1
auction/internal/database/tiny_db.go:248.74,249.20 1 1
auction/internal/database/tiny_db.go:249.20,251.3 1 1
auction/internal/database/tiny_db.go:253.2,257.20 3 1
auction/internal/database/tiny_db.go:257.20,258.38 1 0
auction/internal/database/tiny_db.go:258.38,260.4 1 0
auction/internal/database/tiny_db.go:264.2,264.54 1 1
auction/internal/database/tiny_db.go:264.54,266.3 1 1
auction/internal/database/tiny_db.go:269.2,272.27 2 1
auction/internal/database/tiny_db.go:276.49,281.20 3 1
auction/internal/database/tiny_db.go:281.20,282.38 1 0
auction/internal/database/tiny_db.go:282.38,284.4 1 0
auction/internal/database/tiny_db.go:288.2,288.54 1 1
auction/internal/database/tiny_db.go:288.54,290.3 1 1
auction/internal/database/tiny_db.go:293.2,296.27 2 1
auction/internal/database/tiny_db.go:300.75,305.20 3 1
auction/internal/database/tiny_db.go:305.20,306.38 1 0
auction/internal/database/tiny_db.go:306.38,308.4 1 0
auction/internal/database/tiny_db.go:312.2,313.13 2 1
auction/internal/database/tiny_db.go:313.13,315.3 1 1
auction/internal/database/tiny_db.go:318.2,318.47 1 1
auction/internal/database/tiny_db.go:318.47,320.3 1 1
auction/internal/database/tiny_db.go:323.2,324.41 2 1
auction/internal/database/tiny_db.go:324.41,325.41 1 1
auction/internal/database/tiny_db.go:325.41,327.9 2 1
auction/internal/database/tiny_db.go:332.2,345.24 2 1
auction/internal/models/errors.go:9.40,11.2 1 0
auction/internal/models/errors.go:19.42,21.2 1 0
auction/config/config.go:41.27,60.2 1 1
auction/config/config.go:63.46,64.42 1 1
auction/config/config.go:64.42,66.3 1 1
auction/config/config.go:67.2,67.21 1 1
auction/tests/mock_database.go:15.43,18.2 2 0
auction/tests/mock_database.go:21.38,24.2 2 0
auction/tests/mock_database.go:27.41,30.2 2 1
auction/tests/mock_database.go:33.62,35.24 2 1
auction/tests/mock_database.go:35.24,37.3 1 1
auction/tests/mock_database.go:38.2,38.53 1 1
auction/tests/mock_database.go:42.66,45.2 2 1
auction/tests/mock_database.go:48.77,50.24 2 0
auction/tests/mock_database.go:50.24,52.3 1 0
auction/tests/mock_database.go:53.2,53.64 1 0
auction/tests/mock_database.go:57.71,59.24 2 1
auction/tests/mock_database.go:59.24,61.3 1 1
auction/tests/mock_database.go:62.2,62.53 1 1
auction/tests/mock_database.go:66.69,69.2 2 0
auction/tests/mock_database.go:72.80,75.2 2 1
auction/tests/mock_database.go:78.55,81.2 2 0
auction/tests/mock_database.go:84.81,86.24 2 1
auction/tests/mock_database.go:86.24,88.3 1 1
auction/tests/mock_database.go:89.2,89.56 1 1
